[0.015s] Invoking command in '/home/victor/colcon__ws/src/follow_wall_cavros/build/follow_wall_cavros': CMAKE_PREFIX_PATH=${CMAKE_PREFIX_PATH}:/home/victor/colcon__ws/install/ros2controlcli:/home/victor/colcon__ws/install/launch_pal:/home/victor/colcon__ws/install/intro_py_ros2:/opt/ros/foxy /usr/bin/cmake /home/victor/colcon__ws/src/follow_wall_cavros -DAMENT_CMAKE_SYMLINK_INSTALL=1 -DCMAKE_INSTALL_PREFIX=/home/victor/colcon__ws/src/follow_wall_cavros/install/follow_wall_cavros
[0.072s] -- The C compiler identification is GNU 9.3.0
[0.128s] -- The CXX compiler identification is GNU 9.3.0
[0.135s] -- Check for working C compiler: /usr/bin/cc
[0.204s] -- Check for working C compiler: /usr/bin/cc -- works
[0.205s] -- Detecting C compiler ABI info
[0.275s] -- Detecting C compiler ABI info - done
[0.284s] -- Detecting C compile features
[0.285s] -- Detecting C compile features - done
[0.287s] -- Check for working CXX compiler: /usr/bin/c++
[0.364s] -- Check for working CXX compiler: /usr/bin/c++ -- works
[0.366s] -- Detecting CXX compiler ABI info
[0.447s] -- Detecting CXX compiler ABI info - done
[0.457s] -- Detecting CXX compile features
[0.458s] -- Detecting CXX compile features - done
[0.464s] -- Found ament_cmake: 0.9.9 (/opt/ros/foxy/share/ament_cmake/cmake)
[0.505s] -- Found PythonInterp: /usr/bin/python3 (found suitable version "3.8.10", minimum required is "3") 
[0.505s] -- Using PYTHON_EXECUTABLE: /usr/bin/python3
[0.682s] -- Override CMake install command with custom implementation using symlinks instead of copying resources
[0.764s] -- Found rclcpp: 2.4.1 (/opt/ros/foxy/share/rclcpp/cmake)
[0.866s] -- Using all available rosidl_typesupport_c: rosidl_typesupport_fastrtps_c;rosidl_typesupport_introspection_c
[0.886s] -- Found rosidl_adapter: 1.2.1 (/opt/ros/foxy/share/rosidl_adapter/cmake)
[1.008s] -- Found OpenSSL: /usr/lib/x86_64-linux-gnu/libcrypto.so (found version "1.1.1f")  
[1.044s] -- Found FastRTPS: /opt/ros/foxy/include  
[1.153s] -- Using all available rosidl_typesupport_cpp: rosidl_typesupport_fastrtps_cpp;rosidl_typesupport_introspection_cpp
[1.239s] -- Found rmw_implementation_cmake: 1.0.3 (/opt/ros/foxy/share/rmw_implementation_cmake/cmake)
[1.244s] -- Using RMW implementation 'rmw_fastrtps_cpp' as default
[1.244s] -- Looking for pthread.h
[1.322s] -- Looking for pthread.h - found
[1.322s] -- Performing Test CMAKE_HAVE_LIBC_PTHREAD
[1.397s] -- Performing Test CMAKE_HAVE_LIBC_PTHREAD - Failed
[1.397s] -- Looking for pthread_create in pthreads
[1.464s] -- Looking for pthread_create in pthreads - not found
[1.464s] -- Looking for pthread_create in pthread
[1.561s] -- Looking for pthread_create in pthread - found
[1.562s] -- Found Threads: TRUE  
[1.747s] -- Found rclcpp_lifecycle: 2.4.1 (/opt/ros/foxy/share/rclcpp_lifecycle/cmake)
[1.789s] -- Found geometry_msgs: 2.0.5 (/opt/ros/foxy/share/geometry_msgs/cmake)
[1.827s] -- Found sensor_msgs: 2.0.5 (/opt/ros/foxy/share/sensor_msgs/cmake)
[1.906s] -- Found ament_lint_auto: 0.9.6 (/opt/ros/foxy/share/ament_lint_auto/cmake)
[2.038s] -- Found ament_cmake_gtest: 0.9.9 (/opt/ros/foxy/share/ament_cmake_gtest/cmake)
[2.046s] -- Found gtest sources under '/opt/ros/foxy/src/gtest_vendor': C++ tests using 'Google Test' will be built
[2.048s] -- Check if compiler accepts -pthread
[2.126s] -- Check if compiler accepts -pthread - yes
[2.134s] -- Added test 'copyright' to check source files copyright and LICENSE
[2.151s] -- Added test 'cppcheck' to perform static code analysis on C / C++ code
[2.151s] -- Configured cppcheck include dirs: /home/victor/colcon__ws/src/follow_wall_cavros/include
[2.151s] -- Configured cppcheck exclude dirs and/or files: 
[2.168s] -- Added test 'cpplint' to check C / C++ code against the Google style
[2.168s] -- Configured cpplint exclude dirs and/or files: 
[2.175s] -- Added test 'lint_cmake' to check CMake code style
[2.194s] -- Added test 'uncrustify' to check C / C++ code style
[2.194s] -- Configured uncrustify additional arguments: 
[2.197s] -- Added test 'xmllint' to check XML markup files
[2.204s] -- Configuring done
[2.223s] -- Generating done
[2.225s] -- Build files have been written to: /home/victor/colcon__ws/src/follow_wall_cavros/build/follow_wall_cavros
[2.232s] Invoked command in '/home/victor/colcon__ws/src/follow_wall_cavros/build/follow_wall_cavros' returned '0': CMAKE_PREFIX_PATH=${CMAKE_PREFIX_PATH}:/home/victor/colcon__ws/install/ros2controlcli:/home/victor/colcon__ws/install/launch_pal:/home/victor/colcon__ws/install/intro_py_ros2:/opt/ros/foxy /usr/bin/cmake /home/victor/colcon__ws/src/follow_wall_cavros -DAMENT_CMAKE_SYMLINK_INSTALL=1 -DCMAKE_INSTALL_PREFIX=/home/victor/colcon__ws/src/follow_wall_cavros/install/follow_wall_cavros
[2.235s] Invoking command in '/home/victor/colcon__ws/src/follow_wall_cavros/build/follow_wall_cavros': CMAKE_PREFIX_PATH=${CMAKE_PREFIX_PATH}:/home/victor/colcon__ws/install/ros2controlcli:/home/victor/colcon__ws/install/launch_pal:/home/victor/colcon__ws/install/intro_py_ros2:/opt/ros/foxy /usr/bin/cmake --build /home/victor/colcon__ws/src/follow_wall_cavros/build/follow_wall_cavros -- -j12 -l12
[2.283s] [35m[1mScanning dependencies of target gtest[0m
[2.283s] [35m[1mScanning dependencies of target gtest_main[0m
[2.283s] [35m[1mScanning dependencies of target follow_wall_cavros[0m
[2.300s] [  9%] [32mBuilding CXX object gtest/CMakeFiles/gtest_main.dir/src/gtest_main.cc.o[0m
[2.302s] [ 18%] [32mBuilding CXX object gtest/CMakeFiles/gtest.dir/src/gtest-all.cc.o[0m
[2.325s] [ 36%] [32mBuilding CXX object CMakeFiles/follow_wall_cavros.dir/src/follow_wall_cavros/LaserNode.cpp.o[0m
[2.326s] [ 36%] [32mBuilding CXX object CMakeFiles/follow_wall_cavros.dir/src/follow_wall_cavros/LifeCycle.cpp.o[0m
[3.325s] [ 45%] [32m[1mLinking CXX static library libgtest_main.a[0m
[3.372s] [ 45%] Built target gtest_main
[6.052s] [ 54%] [32m[1mLinking CXX static library libgtest.a[0m
[6.125s] [ 54%] Built target gtest
[7.348s] make[2]: *** [CMakeFiles/follow_wall_cavros.dir/build.make:63: CMakeFiles/follow_wall_cavros.dir/src/follow_wall_cavros/LifeCycle.cpp.o] Interrupt
[7.348s] make[2]: *** [CMakeFiles/follow_wall_cavros.dir/build.make:76: CMakeFiles/follow_wall_cavros.dir/src/follow_wall_cavros/LaserNode.cpp.o] Interrupt
[7.348s] make[1]: *** [CMakeFiles/Makefile2:121: CMakeFiles/follow_wall_cavros.dir/all] Interrupt
[7.349s] make: *** [Makefile:141: all] Interrupt
[7.385s] Invoked command in '/home/victor/colcon__ws/src/follow_wall_cavros/build/follow_wall_cavros' returned '-2': CMAKE_PREFIX_PATH=${CMAKE_PREFIX_PATH}:/home/victor/colcon__ws/install/ros2controlcli:/home/victor/colcon__ws/install/launch_pal:/home/victor/colcon__ws/install/intro_py_ros2:/opt/ros/foxy /usr/bin/cmake --build /home/victor/colcon__ws/src/follow_wall_cavros/build/follow_wall_cavros -- -j12 -l12
