[0.017s] Invoking command in '/home/victor/colcon__ws/src/follow_wall_cavros/build/follow_wall_cavros': CMAKE_PREFIX_PATH=${CMAKE_PREFIX_PATH}:/home/victor/colcon__ws/install/ros2controlcli:/home/victor/colcon__ws/install/launch_pal:/home/victor/colcon__ws/install/intro_py_ros2:/opt/ros/foxy /usr/bin/cmake --build /home/victor/colcon__ws/src/follow_wall_cavros/build/follow_wall_cavros -- -j12 -l12
[0.069s] [35m[1mScanning dependencies of target follow_wall_cavros[0m
[0.079s] [ 18%] Built target gtest
[0.083s] [ 36%] Built target gtest_main
[0.099s] [ 45%] [32mBuilding CXX object CMakeFiles/follow_wall_cavros.dir/src/follow_wall_cavros/LaserNode.cpp.o[0m
[1.301s] [01m[K/home/victor/colcon__ws/src/follow_wall_cavros/src/follow_wall_cavros/LaserNode.cpp:22:2:[m[K [01;31m[Kerror: [m[Kâ€˜[01m[Ketrheth[m[Kâ€™ does not name a type
[1.301s]    22 | {[01;31m[Ketrheth[m[K
[1.301s]       |  [01;31m[K^~~~~~~[m[K
[1.778s] make[2]: *** [CMakeFiles/follow_wall_cavros.dir/build.make:76: CMakeFiles/follow_wall_cavros.dir/src/follow_wall_cavros/LaserNode.cpp.o] Error 1
[1.778s] make[1]: *** [CMakeFiles/Makefile2:121: CMakeFiles/follow_wall_cavros.dir/all] Error 2
[1.779s] make: *** [Makefile:141: all] Error 2
[1.780s] Invoked command in '/home/victor/colcon__ws/src/follow_wall_cavros/build/follow_wall_cavros' returned '2': CMAKE_PREFIX_PATH=${CMAKE_PREFIX_PATH}:/home/victor/colcon__ws/install/ros2controlcli:/home/victor/colcon__ws/install/launch_pal:/home/victor/colcon__ws/install/intro_py_ros2:/opt/ros/foxy /usr/bin/cmake --build /home/victor/colcon__ws/src/follow_wall_cavros/build/follow_wall_cavros -- -j12 -l12
